<?xml version="1.0" encoding="UTF-8"?>
<testng-results ignored="0" total="1" passed="1" failed="0" skipped="0">
  <reporter-output>
  </reporter-output>
  <suite started-at="2023-02-21T22:42:43 BDT" name="Suite" finished-at="2023-02-21T22:42:47 BDT" duration-ms="3555">
    <groups>
    </groups>
    <test started-at="2023-02-21T22:42:43 BDT" name="Test" finished-at="2023-02-21T22:42:47 BDT" duration-ms="3555">
      <class name="TestCase1.LoginTest">
        <test-method is-config="true" signature="driverinitialize()[pri:0, instance:TestCase1.LoginTest@1a482e36]" started-at="2023-02-21T22:42:32 BDT" name="driverinitialize" finished-at="2023-02-21T22:42:43 BDT" duration-ms="10924" status="PASS">
          <reporter-output>
          </reporter-output>
        </test-method> <!-- driverinitialize -->
        <test-method signature="login()[pri:0, instance:TestCase1.LoginTest@1a482e36]" started-at="2023-02-21T22:42:43 BDT" name="login" finished-at="2023-02-21T22:42:47 BDT" duration-ms="3428" status="PASS">
          <reporter-output>
          </reporter-output>
        </test-method> <!-- login -->
      </class> <!-- TestCase1.LoginTest -->
    </test> <!-- Test -->
  </suite> <!-- Suite -->
</testng-results>
